2024-03-16 20:13:08,212 [INFO] Activator:176 - 


2024-03-16 20:13:08,216 [INFO] Activator:177 - !SESSION log4j initialized
2024-03-16 20:13:12,277 [INFO] LogOutputStream:77 - [STDOUT_REDIRECT] 
2024-03-16 20:13:14,916 [INFO] ApplicationProperties:184 - Using Application install path: C:\ST\STM32CubeIDE_1.14.1\STM32CubeIDE\plugins\com.st.stm32cube.common.mx_6.10.0.202311202037
2024-03-16 20:13:14,942 [INFO] DbMcusXml:78 - Set database path to: C:\ST\STM32CubeIDE_1.14.1\STM32CubeIDE\plugins\com.st.stm32cube.common.mx_6.10.0.202311202037\\db\/mcu/
2024-03-16 20:13:14,942 [INFO] ApiDb:274 - Set plugin database path to: C:\ST\STM32CubeIDE_1.14.1\STM32CubeIDE\plugins\com.st.stm32cube.common.mx_6.10.0.202311202037\\db\/plugins/boardmanager/
2024-03-16 20:13:14,943 [WARN] ApiDb:259 - Overriding images path with different value:  => C:\ST\STM32CubeIDE_1.14.1\STM32CubeIDE\plugins\com.st.stm32cube.common.mx_6.10.0.202311202037\\db\/plugins/mcufinder/images/
2024-03-16 20:13:16,541 [INFO] ApiDb:250 - Set database path to: C:\Users\user\.stmcufinder\plugins\mcufinder//mcu/
2024-03-16 20:13:16,543 [INFO] DbMcusAds:125 - Set database path to: C:\Users\user\.stmcufinder\plugins\mcufinder//mcu/
2024-03-16 20:13:16,545 [INFO] CrossReferenceDbSqlite:203 - Set database path to: C:\Users\user\.stmcufinder\plugins\mcufinder//mcu/cs/
2024-03-16 20:13:16,673 [INFO] RulesReader:64 - Compatibility file has been processed (297 Rules)
2024-03-16 20:13:16,794 [INFO] DbMcusXml:78 - Set database path to: C:\ST\STM32CubeIDE_1.14.1\STM32CubeIDE\plugins\com.st.stm32cube.common.mx_6.10.0.202311202037\\db\/mcu/
2024-03-16 20:13:16,795 [INFO] ApiDb:274 - Set plugin database path to: C:\ST\STM32CubeIDE_1.14.1\STM32CubeIDE\plugins\com.st.stm32cube.common.mx_6.10.0.202311202037\\db\/plugins/boardmanager/
2024-03-16 20:13:16,795 [INFO] ApiDb:261 - Set plugin images path to: C:\ST\STM32CubeIDE_1.14.1\STM32CubeIDE\plugins\com.st.stm32cube.common.mx_6.10.0.202311202037\\db\/plugins/mcufinder/images/
2024-03-16 20:13:16,795 [WARN] DbFile:41 - Overriding database path with different value: C:\Users\user\.stmcufinder\plugins\mcufinder/ => C:\Users\user\.stmcufinder\plugins\mcufinder
2024-03-16 20:13:16,795 [INFO] ApiDb:250 - Set database path to: C:\Users\user\.stmcufinder\plugins\mcufinder//mcu/
2024-03-16 20:13:16,795 [WARN] DbFile:41 - Overriding database path with different value: C:\Users\user\.stmcufinder\plugins\mcufinder/ => C:\Users\user\.stmcufinder\plugins\mcufinder
2024-03-16 20:13:16,795 [INFO] DbMcusAds:125 - Set database path to: C:\Users\user\.stmcufinder\plugins\mcufinder//mcu/
2024-03-16 20:13:16,795 [WARN] DbFile:41 - Overriding database path with different value: C:\Users\user\.stmcufinder\plugins\mcufinder/ => C:\Users\user\.stmcufinder\plugins\mcufinder
2024-03-16 20:13:16,795 [WARN] DbFile:41 - Overriding database path with different value: C:\Users\user\.stmcufinder\plugins\mcufinder/ => C:\Users\user\.stmcufinder\plugins\mcufinder
2024-03-16 20:13:16,795 [INFO] CrossReferenceDbSqlite:203 - Set database path to: C:\Users\user\.stmcufinder\plugins\mcufinder//mcu/cs/
2024-03-16 20:13:16,868 [INFO] MainPanel:264 - HeapMemory: 268435456
2024-03-16 20:13:16,927 [INFO] DbMcusXml:78 - Set database path to: C:\ST\STM32CubeIDE_1.14.1\STM32CubeIDE\plugins\com.st.stm32cube.common.mx_6.10.0.202311202037\\db\/mcu/
2024-03-16 20:13:16,928 [INFO] ApiDb:274 - Set plugin database path to: C:\ST\STM32CubeIDE_1.14.1\STM32CubeIDE\plugins\com.st.stm32cube.common.mx_6.10.0.202311202037\\db\/plugins/boardmanager/
2024-03-16 20:13:16,928 [INFO] ApiDb:261 - Set plugin images path to: C:\ST\STM32CubeIDE_1.14.1\STM32CubeIDE\plugins\com.st.stm32cube.common.mx_6.10.0.202311202037\\db\/plugins/mcufinder/images/
2024-03-16 20:13:16,928 [WARN] DbFile:41 - Overriding database path with different value: C:\Users\user\.stmcufinder\plugins\mcufinder/ => C:\Users\user\.stmcufinder\plugins\mcufinder
2024-03-16 20:13:16,928 [INFO] ApiDb:250 - Set database path to: C:\Users\user\.stmcufinder\plugins\mcufinder//mcu/
2024-03-16 20:13:16,928 [WARN] DbFile:41 - Overriding database path with different value: C:\Users\user\.stmcufinder\plugins\mcufinder/ => C:\Users\user\.stmcufinder\plugins\mcufinder
2024-03-16 20:13:16,928 [INFO] DbMcusAds:125 - Set database path to: C:\Users\user\.stmcufinder\plugins\mcufinder//mcu/
2024-03-16 20:13:16,928 [WARN] DbFile:41 - Overriding database path with different value: C:\Users\user\.stmcufinder\plugins\mcufinder/ => C:\Users\user\.stmcufinder\plugins\mcufinder
2024-03-16 20:13:16,928 [WARN] DbFile:41 - Overriding database path with different value: C:\Users\user\.stmcufinder\plugins\mcufinder/ => C:\Users\user\.stmcufinder\plugins\mcufinder
2024-03-16 20:13:16,928 [INFO] CrossReferenceDbSqlite:203 - Set database path to: C:\Users\user\.stmcufinder\plugins\mcufinder//mcu/cs/
2024-03-16 20:13:16,943 [INFO] ApplicationProperties:184 - Using Application install path: C:\ST\STM32CubeIDE_1.14.1\STM32CubeIDE\plugins\com.st.stm32cube.common.mx_6.10.0.202311202037
2024-03-16 20:13:16,945 [INFO] PluginManage:196 - Search for loadable plugins [exclusion list=, ]
2024-03-16 20:13:16,946 [INFO] PluginManage:310 - Check plugin analytics
2024-03-16 20:13:17,182 [INFO] AnalyticsPlugin:253 - Accepted Software Licenses: STM32CubeMX.6.10.0
2024-03-16 20:13:17,182 [INFO] AnalyticsPlugin:255 - Accepted CMSIS Pack Licenses: 
2024-03-16 20:13:17,183 [INFO] AnalyticsPlugin:257 - Accepted Firmware Licenses: 
2024-03-16 20:13:17,189 [INFO] PluginManage:359 - Loaded plugin analytics (category:tool,tabindex:-1)
2024-03-16 20:13:17,190 [INFO] PluginManage:310 - Check plugin cadmodel
2024-03-16 20:13:17,197 [INFO] CADModel:105 - Init CAD model plugin
2024-03-16 20:13:17,197 [INFO] PluginManage:359 - Loaded plugin cadmodel (category:power,tabindex:5)
2024-03-16 20:13:17,198 [INFO] PluginManage:310 - Check plugin clock
2024-03-16 20:13:17,212 [INFO] PluginManage:359 - Loaded plugin clock (category:base,tabindex:2)
2024-03-16 20:13:17,213 [INFO] PluginManage:310 - Check plugin ddr
2024-03-16 20:13:17,215 [INFO] PluginManage:359 - Loaded plugin ddr (category:tool,tabindex:6)
2024-03-16 20:13:17,216 [INFO] PluginManage:310 - Check plugin filemanager
2024-03-16 20:13:17,381 [INFO] PluginManage:359 - Loaded plugin filemanager (category:base,tabindex:10)
2024-03-16 20:13:17,382 [INFO] PluginManage:310 - Check plugin ipmanager
2024-03-16 20:13:17,390 [INFO] PluginManage:359 - Loaded plugin ipmanager (category:base,tabindex:5)
2024-03-16 20:13:17,391 [INFO] PluginManage:310 - Check plugin lpbam
2024-03-16 20:13:17,402 [INFO] PluginManage:359 - Loaded plugin lpbam (category:base,tabindex:0)
2024-03-16 20:13:17,402 [INFO] PluginManage:310 - Check plugin memorymap
2024-03-16 20:13:17,415 [INFO] PluginManage:359 - Loaded plugin memorymap (category:base,tabindex:4)
2024-03-16 20:13:17,415 [INFO] PluginManage:310 - Check plugin pinoutandconfiguration
2024-03-16 20:13:17,423 [INFO] PluginManage:359 - Loaded plugin pinoutandconfiguration (category:base,tabindex:1)
2024-03-16 20:13:17,423 [INFO] PluginManage:310 - Check plugin pinoutconfig
2024-03-16 20:13:17,570 [WARN] SupportedApi:132 - Cannot load RTOS API schema: s4s-elt-must-match.1: The content of 'definitions' must match (annotation?, (simpleType | complexType)?, (unique | key | keyref)*)). A problem was found starting at: attribute.
2024-03-16 20:13:17,683 [INFO] PluginManage:359 - Loaded plugin pinoutconfig (category:base,tabindex:0)
2024-03-16 20:13:17,683 [INFO] PluginManage:310 - Check plugin power
2024-03-16 20:13:17,691 [INFO] PluginManage:359 - Loaded plugin power (category:power,tabindex:4)
2024-03-16 20:13:17,691 [INFO] PluginManage:310 - Check plugin projectmanager
2024-03-16 20:13:17,710 [INFO] PluginManage:359 - Loaded plugin projectmanager (category:projectmanager,tabindex:3)
2024-03-16 20:13:17,710 [INFO] PluginManage:310 - Check plugin thirdparty
2024-03-16 20:13:17,832 [INFO] PluginManage:359 - Loaded plugin thirdparty (category:base,tabindex:-1)
2024-03-16 20:13:17,831 [WARN] IntegrityCheckThread:84 - waiting for thirdparty lock release [integrity check]
2024-03-16 20:13:17,832 [INFO] PluginManage:310 - Check plugin tools
2024-03-16 20:13:17,832 [INFO] IntegrityCheckThread:86 - entering critical section [integrity check]
2024-03-16 20:13:17,832 [INFO] ThirdPartyUpdaterWithRetryManager:70 - Updater plugin not ready yet. [1/15]
2024-03-16 20:13:17,835 [INFO] PluginManage:359 - Loaded plugin tools (category:base,tabindex:7)
2024-03-16 20:13:17,835 [INFO] PluginManage:310 - Check plugin tutovideos
2024-03-16 20:13:17,949 [INFO] PluginManage:359 - Loaded plugin tutovideos (category:base,tabindex:-1)
2024-03-16 20:13:17,949 [INFO] PluginManage:310 - Check plugin updater
2024-03-16 20:13:17,958 [INFO] PluginManage:359 - Loaded plugin updater (category:base,tabindex:12)
2024-03-16 20:13:17,958 [INFO] PluginManage:310 - Check plugin userauth
2024-03-16 20:13:17,962 [INFO] UserAuth:114 - Init User Auth plugin
2024-03-16 20:13:17,962 [INFO] PluginManage:359 - Loaded plugin userauth (category:base,tabindex:14)
2024-03-16 20:13:17,962 [INFO] PluginManage:283 - PluginManage : Loaded plugins [17]
2024-03-16 20:13:18,278 [INFO] PinOutPanel:1499 - setPackage(No Configuration,No Configuration)
2024-03-16 20:13:18,380 [INFO] CADModel:165 - CPN selected for project level
2024-03-16 20:13:18,381 [INFO] CADModel:114 - Register for checkConnection events
2024-03-16 20:13:18,397 [INFO] IPUIPlugin:80 - create IPUIPlugin
2024-03-16 20:13:18,397 [INFO] PluginManager:220 - loadIPPluginJar : add adc
2024-03-16 20:13:18,400 [INFO] IPUIPlugin:80 - create IPUIPlugin
2024-03-16 20:13:18,401 [INFO] PluginManager:220 - loadIPPluginJar : add aes
2024-03-16 20:13:18,405 [INFO] IPUIPlugin:80 - create IPUIPlugin
2024-03-16 20:13:18,405 [INFO] PluginManager:220 - loadIPPluginJar : add can
2024-03-16 20:13:18,409 [INFO] IPUIPlugin:80 - create IPUIPlugin
2024-03-16 20:13:18,409 [INFO] PluginManager:220 - loadIPPluginJar : add comp
2024-03-16 20:13:18,412 [INFO] IPUIPlugin:80 - create IPUIPlugin
2024-03-16 20:13:18,412 [INFO] PluginManager:220 - loadIPPluginJar : add cryp
2024-03-16 20:13:18,414 [INFO] IPUIPlugin:80 - create IPUIPlugin
2024-03-16 20:13:18,414 [INFO] PluginManager:220 - loadIPPluginJar : add dfsdm
2024-03-16 20:13:18,418 [INFO] IPUIPlugin:80 - create IPUIPlugin
2024-03-16 20:13:18,418 [INFO] PluginManager:220 - loadIPPluginJar : add dma
2024-03-16 20:13:18,420 [INFO] IPUIPlugin:80 - create IPUIPlugin
2024-03-16 20:13:18,420 [INFO] PluginManager:220 - loadIPPluginJar : add dma3
2024-03-16 20:13:18,421 [INFO] IPUIPlugin:80 - create IPUIPlugin
2024-03-16 20:13:18,421 [INFO] PluginManager:220 - loadIPPluginJar : add fatfs
2024-03-16 20:13:18,426 [INFO] IPUIPlugin:80 - create IPUIPlugin
2024-03-16 20:13:18,427 [INFO] PluginManager:220 - loadIPPluginJar : add fmc
2024-03-16 20:13:18,432 [INFO] IPUIPlugin:80 - create IPUIPlugin
2024-03-16 20:13:18,432 [INFO] PluginManager:220 - loadIPPluginJar : add freertos
2024-03-16 20:13:18,434 [INFO] IPUIPlugin:80 - create IPUIPlugin
2024-03-16 20:13:18,434 [INFO] PluginManager:220 - loadIPPluginJar : add genericplugin
2024-03-16 20:13:18,436 [INFO] IPUIPlugin:80 - create IPUIPlugin
2024-03-16 20:13:18,437 [INFO] PluginManager:220 - loadIPPluginJar : add gfxmmu
2024-03-16 20:13:18,441 [INFO] IPUIPlugin:80 - create IPUIPlugin
2024-03-16 20:13:18,441 [INFO] PluginManager:220 - loadIPPluginJar : add gic
2024-03-16 20:13:18,444 [INFO] IPUIPlugin:80 - create IPUIPlugin
2024-03-16 20:13:18,444 [INFO] PluginManager:220 - loadIPPluginJar : add gpio
2024-03-16 20:13:18,449 [INFO] IPUIPlugin:80 - create IPUIPlugin
2024-03-16 20:13:18,449 [INFO] PluginManager:220 - loadIPPluginJar : add gtzc
2024-03-16 20:13:18,453 [INFO] IPUIPlugin:80 - create IPUIPlugin
2024-03-16 20:13:18,454 [INFO] PluginManager:220 - loadIPPluginJar : add hash
2024-03-16 20:13:18,478 [INFO] IPUIPlugin:80 - create IPUIPlugin
2024-03-16 20:13:18,478 [INFO] PluginManager:220 - loadIPPluginJar : add i2c
2024-03-16 20:13:18,482 [INFO] IPUIPlugin:80 - create IPUIPlugin
2024-03-16 20:13:18,482 [INFO] PluginManager:220 - loadIPPluginJar : add i2s
2024-03-16 20:13:18,485 [INFO] IPUIPlugin:80 - create IPUIPlugin
2024-03-16 20:13:18,486 [INFO] PluginManager:220 - loadIPPluginJar : add i3c
2024-03-16 20:13:18,490 [INFO] IPUIPlugin:80 - create IPUIPlugin
2024-03-16 20:13:18,490 [INFO] PluginManager:220 - loadIPPluginJar : add ipddr
2024-03-16 20:13:18,497 [INFO] IPUIPlugin:80 - create IPUIPlugin
2024-03-16 20:13:18,498 [INFO] PluginManager:220 - loadIPPluginJar : add linkedlist
2024-03-16 20:13:18,504 [INFO] IPUIPlugin:80 - create IPUIPlugin
2024-03-16 20:13:18,504 [INFO] PluginManager:220 - loadIPPluginJar : add lorawan
2024-03-16 20:13:18,506 [INFO] IPUIPlugin:80 - create IPUIPlugin
2024-03-16 20:13:18,506 [INFO] PluginManager:220 - loadIPPluginJar : add ltdc
2024-03-16 20:13:18,512 [INFO] IPUIPlugin:80 - create IPUIPlugin
2024-03-16 20:13:18,513 [INFO] PluginManager:220 - loadIPPluginJar : add mdma
2024-03-16 20:13:18,517 [INFO] IPUIPlugin:80 - create IPUIPlugin
2024-03-16 20:13:18,517 [INFO] PluginManager:220 - loadIPPluginJar : add nvic
2024-03-16 20:13:18,520 [INFO] IPUIPlugin:80 - create IPUIPlugin
2024-03-16 20:13:18,521 [INFO] PluginManager:220 - loadIPPluginJar : add opamp
2024-03-16 20:13:18,524 [INFO] IPUIPlugin:80 - create IPUIPlugin
2024-03-16 20:13:18,524 [INFO] PluginManager:220 - loadIPPluginJar : add openamp
2024-03-16 20:13:18,528 [INFO] IPUIPlugin:80 - create IPUIPlugin
2024-03-16 20:13:18,528 [INFO] PluginManager:220 - loadIPPluginJar : add pdm2pcm
2024-03-16 20:13:18,536 [INFO] IPUIPlugin:80 - create IPUIPlugin
2024-03-16 20:13:18,540 [INFO] PluginManager:220 - loadIPPluginJar : add plateformsettings
2024-03-16 20:13:18,542 [INFO] IPUIPlugin:80 - create IPUIPlugin
2024-03-16 20:13:18,542 [INFO] PluginManager:220 - loadIPPluginJar : add quadspi
2024-03-16 20:13:18,546 [INFO] IPUIPlugin:80 - create IPUIPlugin
2024-03-16 20:13:18,546 [INFO] PluginManager:220 - loadIPPluginJar : add resmgrutility
2024-03-16 20:13:18,550 [INFO] IPUIPlugin:80 - create IPUIPlugin
2024-03-16 20:13:18,550 [INFO] PluginManager:220 - loadIPPluginJar : add sai
2024-03-16 20:13:18,553 [INFO] IPUIPlugin:80 - create IPUIPlugin
2024-03-16 20:13:18,553 [INFO] PluginManager:220 - loadIPPluginJar : add spi
2024-03-16 20:13:18,559 [INFO] IPUIPlugin:80 - create IPUIPlugin
2024-03-16 20:13:18,559 [INFO] PluginManager:220 - loadIPPluginJar : add stm32_wpan
2024-03-16 20:13:18,561 [INFO] IPUIPlugin:80 - create IPUIPlugin
2024-03-16 20:13:18,561 [INFO] PluginManager:220 - loadIPPluginJar : add tim
2024-03-16 20:13:18,565 [INFO] IPUIPlugin:80 - create IPUIPlugin
2024-03-16 20:13:18,565 [INFO] PluginManager:220 - loadIPPluginJar : add touchsensing
2024-03-16 20:13:18,567 [INFO] IPUIPlugin:80 - create IPUIPlugin
2024-03-16 20:13:18,567 [INFO] PluginManager:220 - loadIPPluginJar : add tracer_emb
2024-03-16 20:13:18,570 [INFO] IPUIPlugin:80 - create IPUIPlugin
2024-03-16 20:13:18,570 [INFO] PluginManager:220 - loadIPPluginJar : add ts
2024-03-16 20:13:18,573 [INFO] IPUIPlugin:80 - create IPUIPlugin
2024-03-16 20:13:18,573 [INFO] PluginManager:220 - loadIPPluginJar : add tsc
2024-03-16 20:13:18,575 [INFO] IPUIPlugin:80 - create IPUIPlugin
2024-03-16 20:13:18,575 [INFO] PluginManager:220 - loadIPPluginJar : add ucpd
2024-03-16 20:13:18,578 [INFO] IPUIPlugin:80 - create IPUIPlugin
2024-03-16 20:13:18,578 [INFO] PluginManager:220 - loadIPPluginJar : add usart
2024-03-16 20:13:18,582 [INFO] IPUIPlugin:80 - create IPUIPlugin
2024-03-16 20:13:18,582 [INFO] PluginManager:220 - loadIPPluginJar : add usbx
2024-03-16 20:13:18,732 [INFO] CADModel:165 - CPN selected for project level
2024-03-16 20:13:18,732 [INFO] CADModel:114 - Register for checkConnection events
2024-03-16 20:13:18,732 [FATAL] Updater:308 - Updater called before beeing initialized
2024-03-16 20:13:18,732 [ERROR] CADModel:125 - Updater not yet initialized, retry later 
2024-03-16 20:13:18,997 [INFO] CADModel:165 - CPN selected for project level
2024-03-16 20:13:18,997 [INFO] CADModel:114 - Register for checkConnection events
2024-03-16 20:13:18,998 [FATAL] Updater:308 - Updater called before beeing initialized
2024-03-16 20:13:18,998 [ERROR] CADModel:125 - Updater not yet initialized, retry later 
2024-03-16 20:13:19,000 [FATAL] Updater:308 - Updater called before beeing initialized
2024-03-16 20:13:19,115 [FATAL] Updater:308 - Updater called before beeing initialized
2024-03-16 20:13:19,125 [INFO] DbMcusAds:53 - JSON generation date=Wed Nov 29 18:52:27 CST 2023 (1701255147349)
2024-03-16 20:13:19,126 [FATAL] Updater:308 - Updater called before beeing initialized
2024-03-16 20:13:19,153 [WARN] DetailPanel:346 - Failed to get advertising image, set to default
2024-03-16 20:13:19,231 [FATAL] Updater:308 - Updater called before beeing initialized
2024-03-16 20:13:19,232 [FATAL] Updater:308 - Updater called before beeing initialized
2024-03-16 20:13:19,232 [FATAL] Updater:308 - Updater called before beeing initialized
2024-03-16 20:13:19,232 [WARN] DetailPanel:346 - Failed to get advertising image, set to default
2024-03-16 20:13:19,232 [FATAL] Updater:308 - Updater called before beeing initialized
2024-03-16 20:13:19,315 [ERROR] Updater:1120 - MainUpdater not yet initialized. External WinMGr cannot be set.
2024-03-16 20:13:19,318 [INFO] Updater:1056 - Updater Version found : 6.10.0
2024-03-16 20:13:19,336 [INFO] ApplicationProperties:184 - Using Application install path: C:\ST\STM32CubeIDE_1.14.1\STM32CubeIDE\plugins\com.st.stm32cube.common.mx_6.10.0.202311202037
2024-03-16 20:13:19,375 [INFO] MainUpdater:526 - Copy updater definitions from MX database
2024-03-16 20:13:19,421 [INFO] MainUpdater:559 - Copy flag file definitions from MX database
2024-03-16 20:13:19,425 [INFO] MainUpdater:575 - Copy thirdparty index definitions from MX database
2024-03-16 20:13:19,427 [INFO] MainUpdater:594 - Copy default thirdparty db definitions from MX database
2024-03-16 20:13:19,733 [INFO] MainUpdater:2873 - connection check result : 10
2024-03-16 20:13:19,734 [INFO] MainUpdater:3567 - Updater definition file requires update
2024-03-16 20:13:19,737 [INFO] MainUpdater:290 - Updater Check For Update Now.
2024-03-16 20:13:19,738 [INFO] MicroXplorer:498 - Change Database Version : DB.6.0.100
2024-03-16 20:13:19,757 [INFO] McuFinderGlobals:63 - Set McuFinder mode to 2 (CubeIDE integrated)
2024-03-16 20:13:19,757 [INFO] UserAuth:180 - activating auth plugin
2024-03-16 20:13:19,762 [INFO] UserAuth:404 - Internet connection configuration mode: 1
2024-03-16 20:13:19,787 [INFO] JxBrowserEngine:152 - Initiate JxBrowser Engine with user profile folder
2024-03-16 20:13:20,089 [INFO] ServerAccessManage:473 - Download File updaters.zip
2024-03-16 20:13:20,192 [INFO] FileExtend:240 - Unzip File : updaters.zip
2024-03-16 20:13:20,193 [INFO] FileExtend:255 - Standard Zip Deflate
2024-03-16 20:13:20,835 [WARN] MainUpdater:1194 - Updater busy. Cannot search thirdparties
2024-03-16 20:13:20,836 [INFO] ThirdPartyUpdaterWithRetryManager:96 - Updater plugin is busy. [1/15]
2024-03-16 20:13:21,008 [INFO] ServerAccessManage:473 - Download File PacksControlFlags.xml
2024-03-16 20:13:21,113 [INFO] ServerAccessManage:473 - Download File cubemx.pidx
2024-03-16 20:13:21,323 [INFO] ServerAccessManage:473 - Download File STMicroelectronics.FP-ATR-ASTRA1.pdsc
2024-03-16 20:13:21,597 [INFO] ServerAccessManage:473 - Download File STMicroelectronics.FP-ATR-SIGFOX1.pdsc
2024-03-16 20:13:21,766 [INFO] ServerAccessManage:473 - Download File STMicroelectronics.FP-SNS-FLIGHT1.pdsc
2024-03-16 20:13:21,964 [INFO] ServerAccessManage:473 - Download File STMicroelectronics.FP-SNS-MOTENV1.pdsc
2024-03-16 20:13:22,132 [INFO] ServerAccessManage:473 - Download File STMicroelectronics.FP-SNS-MOTENVWB1.pdsc
2024-03-16 20:13:22,254 [INFO] ServerAccessManage:473 - Download File STMicroelectronics.FP-SNS-SMARTAG2.pdsc
2024-03-16 20:13:22,365 [INFO] ServerAccessManage:473 - Download File STMicroelectronics.X-CUBE-AI.pdsc
2024-03-16 20:13:23,838 [WARN] MainUpdater:1194 - Updater busy. Cannot search thirdparties
2024-03-16 20:13:23,838 [INFO] ThirdPartyUpdaterWithRetryManager:96 - Updater plugin is busy. [2/15]
2024-03-16 20:13:23,969 [INFO] ServerAccessManage:473 - Download File STMicroelectronics.X-CUBE-ALS.pdsc
2024-03-16 20:13:24,165 [INFO] ServerAccessManage:473 - Download File STMicroelectronics.X-CUBE-BLE1.pdsc
2024-03-16 20:13:25,307 [INFO] WebApp:161 - Instantiating new browser for Auth
2024-03-16 20:13:25,905 [INFO] WebApp:780 - Register for checkConnection events
2024-03-16 20:13:25,905 [INFO] WebApp:414 - Apply proxy settings
2024-03-16 20:13:25,905 [INFO] WebApp:499 - Chromium requires no authentication
2024-03-16 20:13:25,911 [INFO] WebApp:442 - Direct internet connection detected
2024-03-16 20:13:26,102 [INFO] WebApp:192 - Starting web application
2024-03-16 20:13:26,102 [INFO] WebApp:544 - Web application path used C:\ST\STM32CubeIDE_1.14.1\STM32CubeIDE\plugins\com.st.stm32cube.common.mx_6.10.0.202311202037\db\plugins\mcufinder\reactClient1\index.html
2024-03-16 20:13:26,425 [ERROR] ServerAccessManage:1089 - Problem, file not found on Server
2024-03-16 20:13:26,545 [INFO] ServerAccessManage:473 - Download File STMicroelectronics.X-CUBE-BLE2.pdsc
2024-03-16 20:13:26,841 [WARN] MainUpdater:1194 - Updater busy. Cannot search thirdparties
2024-03-16 20:13:26,841 [INFO] ThirdPartyUpdaterWithRetryManager:96 - Updater plugin is busy. [3/15]
2024-03-16 20:13:27,214 [INFO] ServerAccessManage:473 - Download File STMicroelectronics.X-CUBE-BLEMGR.pdsc
2024-03-16 20:13:27,862 [INFO] ServerAccessManage:473 - Download File STMicroelectronics.X-CUBE-DISPLAY.pdsc
2024-03-16 20:13:28,373 [INFO] ServerAccessManage:473 - Download File STMicroelectronics.X-CUBE-EEPRMA1.pdsc
2024-03-16 20:13:29,704 [ERROR] ServerAccessManage:1089 - Problem, file not found on Server
2024-03-16 20:13:29,845 [WARN] MainUpdater:1194 - Updater busy. Cannot search thirdparties
2024-03-16 20:13:29,845 [INFO] ThirdPartyUpdaterWithRetryManager:96 - Updater plugin is busy. [4/15]
2024-03-16 20:13:30,215 [ERROR] ServerAccessManage:1089 - Problem, file not found on Server
2024-03-16 20:13:30,449 [INFO] ServerAccessManage:473 - Download File STMicroelectronics.X-CUBE-FREERTOS.pdsc
2024-03-16 20:13:30,792 [INFO] ServerAccessManage:473 - Download File STMicroelectronics.X-CUBE-GNSS1.pdsc
2024-03-16 20:13:32,471 [ERROR] ServerAccessManage:1089 - Problem, file not found on Server
2024-03-16 20:13:32,845 [WARN] MainUpdater:1194 - Updater busy. Cannot search thirdparties
2024-03-16 20:13:32,845 [INFO] ThirdPartyUpdaterWithRetryManager:96 - Updater plugin is busy. [5/15]
2024-03-16 20:13:33,594 [ERROR] ServerAccessManage:1089 - Problem, file not found on Server
2024-03-16 20:13:34,647 [ERROR] ServerAccessManage:1089 - Problem, file not found on Server
2024-03-16 20:13:35,747 [ERROR] ServerAccessManage:1089 - Problem, file not found on Server
2024-03-16 20:13:35,846 [WARN] MainUpdater:1194 - Updater busy. Cannot search thirdparties
2024-03-16 20:13:35,846 [INFO] ThirdPartyUpdaterWithRetryManager:96 - Updater plugin is busy. [6/15]
2024-03-16 20:13:36,870 [ERROR] ServerAccessManage:1089 - Problem, file not found on Server
2024-03-16 20:13:37,991 [ERROR] ServerAccessManage:1089 - Problem, file not found on Server
2024-03-16 20:13:38,039 [INFO] ServerAccessManage:473 - Download File STMicroelectronics.X-CUBE-ISPU.pdsc
2024-03-16 20:13:38,364 [INFO] ServerAccessManage:473 - Download File STMicroelectronics.X-CUBE-MEMS1.pdsc
2024-03-16 20:13:38,850 [WARN] MainUpdater:1194 - Updater busy. Cannot search thirdparties
2024-03-16 20:13:38,850 [INFO] ThirdPartyUpdaterWithRetryManager:96 - Updater plugin is busy. [7/15]
2024-03-16 20:13:40,197 [INFO] ServerAccessManage:473 - Download File STMicroelectronics.X-CUBE-NFC4.pdsc
2024-03-16 20:13:40,703 [INFO] ServerAccessManage:473 - Download File STMicroelectronics.X-CUBE-NFC6.pdsc
2024-03-16 20:13:40,821 [INFO] ServerAccessManage:473 - Download File STMicroelectronics.X-CUBE-NFC7.pdsc
2024-03-16 20:13:41,064 [INFO] ServerAccessManage:473 - Download File STMicroelectronics.X-CUBE-SFXS2LP1.pdsc
2024-03-16 20:13:41,273 [INFO] ServerAccessManage:473 - Download File STMicroelectronics.X-CUBE-SUBG2.pdsc
2024-03-16 20:13:41,654 [INFO] ServerAccessManage:473 - Download File STMicroelectronics.X-CUBE-SMBUS.pdsc
2024-03-16 20:13:41,851 [WARN] MainUpdater:1194 - Updater busy. Cannot search thirdparties
2024-03-16 20:13:41,855 [INFO] ThirdPartyUpdaterWithRetryManager:96 - Updater plugin is busy. [8/15]
2024-03-16 20:13:44,143 [ERROR] ServerAccessManage:1089 - Problem, file not found on Server
2024-03-16 20:13:44,368 [INFO] ServerAccessManage:473 - Download File STMicroelectronics.X-CUBE-TOF1.pdsc
2024-03-16 20:13:44,856 [WARN] MainUpdater:1194 - Updater busy. Cannot search thirdparties
2024-03-16 20:13:44,856 [INFO] ThirdPartyUpdaterWithRetryManager:96 - Updater plugin is busy. [9/15]
2024-03-16 20:13:47,491 [ERROR] LogOutputStream:75 - [STDERR_REDIRECT] SLF4J: Failed to load class "org.slf4j.impl.StaticLoggerBinder".
2024-03-16 20:13:47,493 [ERROR] LogOutputStream:75 - [STDERR_REDIRECT] SLF4J: Defaulting to no-operation (NOP) logger implementation
2024-03-16 20:13:47,495 [ERROR] LogOutputStream:75 - [STDERR_REDIRECT] SLF4J: See http://www.slf4j.org/codes.html#StaticLoggerBinder for further details.
2024-03-16 20:13:47,857 [WARN] MainUpdater:1194 - Updater busy. Cannot search thirdparties
2024-03-16 20:13:47,857 [INFO] ThirdPartyUpdaterWithRetryManager:96 - Updater plugin is busy. [10/15]
2024-03-16 20:13:50,858 [WARN] MainUpdater:1194 - Updater busy. Cannot search thirdparties
2024-03-16 20:13:50,858 [INFO] ThirdPartyUpdaterWithRetryManager:96 - Updater plugin is busy. [11/15]
2024-03-16 20:13:53,768 [ERROR] ServerAccessManage:1089 - Problem, file not found on Server
2024-03-16 20:13:53,860 [WARN] MainUpdater:1194 - Updater busy. Cannot search thirdparties
2024-03-16 20:13:53,860 [INFO] ThirdPartyUpdaterWithRetryManager:96 - Updater plugin is busy. [12/15]
2024-03-16 20:13:54,982 [INFO] ServerAccessManage:473 - Download File STMicroelectronics.X-CUBE-TOUCHGFX.pdsc
2024-03-16 20:13:56,861 [WARN] MainUpdater:1194 - Updater busy. Cannot search thirdparties
2024-03-16 20:13:56,861 [INFO] ThirdPartyUpdaterWithRetryManager:96 - Updater plugin is busy. [13/15]
2024-03-16 20:13:59,864 [WARN] MainUpdater:1194 - Updater busy. Cannot search thirdparties
2024-03-16 20:13:59,864 [INFO] ThirdPartyUpdaterWithRetryManager:96 - Updater plugin is busy. [14/15]
2024-03-16 20:14:02,870 [WARN] MainUpdater:1194 - Updater busy. Cannot search thirdparties
2024-03-16 20:14:02,874 [INFO] ThirdPartyUpdaterWithRetryManager:96 - Updater plugin is busy. [15/15]
2024-03-16 20:14:02,875 [ERROR] IntegrityCheckThread:130 - Cannot retrieve database content from updater: error -1
2024-03-16 20:14:02,876 [INFO] ThirdParty:978 - Integrity check success = false
2024-03-16 20:14:02,877 [INFO] IntegrityCheckThread:100 - exiting critical section [integrity check]
2024-03-16 20:14:02,877 [INFO] IntegrityCheckThread:103 - End integrity checks thread
2024-03-16 20:14:10,518 [INFO] McuFinderGlobals:63 - Set McuFinder mode to 2 (CubeIDE integrated)
2024-03-16 20:14:16,299 [INFO] ServerAccessManage:473 - Download File STMicroelectronics.X-CUBE-ALGOBUILD.pdsc
2024-03-16 20:14:23,260 [INFO] ServerAccessManage:473 - Download File STMicroelectronics.X-CUBE-AZRTOS-H7.pdsc
2024-03-16 20:14:30,603 [INFO] MainUpdater:2873 - connection check result : 10
2024-03-16 20:14:31,191 [INFO] ServerAccessManage:473 - Download File STMicroelectronics.X-CUBE-AZRTOS-F4.pdsc
2024-03-16 20:14:34,567 [INFO] ServerAccessManage:473 - Download File STMicroelectronics.X-CUBE-AZRTOS-F7.pdsc
2024-03-16 20:14:38,726 [INFO] ServerAccessManage:473 - Download File STMicroelectronics.X-CUBE-AZRTOS-L4.pdsc
2024-03-16 20:14:42,274 [INFO] ServerAccessManage:473 - Download File STMicroelectronics.X-CUBE-AZRTOS-L5.pdsc
2024-03-16 20:14:47,154 [INFO] ServerAccessManage:473 - Download File STMicroelectronics.X-CUBE-AZRTOS-G0.pdsc
2024-03-16 20:14:51,080 [INFO] ServerAccessManage:473 - Download File STMicroelectronics.X-CUBE-AZRTOS-G4.pdsc
2024-03-16 20:14:54,312 [INFO] ServerAccessManage:473 - Download File STMicroelectronics.X-CUBE-AZRTOS-WB.pdsc
2024-03-16 20:14:56,797 [INFO] ServerAccessManage:473 - Download File STMicroelectronics.X-CUBE-AZRTOS-WL.pdsc
2024-03-16 20:14:58,774 [INFO] MainUpdater:2873 - connection check result : 10
2024-03-16 20:15:00,901 [INFO] ServerAccessManage:473 - Download File wolfSSL.I-CUBE-wolfSSL.pdsc
2024-03-16 20:15:10,668 [ERROR] ServerAccessManage:1089 - Problem, file not found on Server
2024-03-16 20:15:11,489 [ERROR] ServerAccessManage:1089 - Problem, file not found on Server
2024-03-16 20:15:12,186 [ERROR] ServerAccessManage:1089 - Problem, file not found on Server
2024-03-16 20:15:13,518 [INFO] ServerAccessManage:473 - Download File SEGGER.I-CUBE-embOS.pdsc
